# JRE version: OpenJDK Runtime Environment (8.0_202-b03) (build 1.8.0_202-release-1483-b03)
# Java VM: OpenJDK 64-Bit Server VM (25.202-b03 mixed mode windows-amd64 compressed oops)
Heap:
 PSYoungGen      total 266752K, used 126896K [0x00000000e0000000, 0x00000000f3b00000, 0x0000000100000000)
  eden space 220160K, 57% used [0x00000000e0000000,0x00000000e7bec118,0x00000000ed700000)
  from space 46592K, 0% used [0x00000000f0700000,0x00000000f0700000,0x00000000f3480000)
  to   space 49152K, 0% used [0x00000000ed700000,0x00000000ed700000,0x00000000f0700000)
 ParOldGen       total 156672K, used 69731K [0x00000000a0000000, 0x00000000a9900000, 0x00000000e0000000)
  object space 156672K, 44% used [0x00000000a0000000,0x00000000a4418d38,0x00000000a9900000)
 Metaspace       used 97133K, capacity 101889K, committed 102232K, reserved 1138688K
  class space    used 12374K, capacity 13283K, committed 13400K, reserved 1048576K
GC Heap History (10 events):
Event: 1407.452 GC heap before
{Heap before GC invocations=22 (full 3):
 PSYoungGen      total 221696K, used 221293K [0x00000000e0000000, 0x00000000f1b00000, 0x0000000100000000)
  eden space 197632K, 100% used [0x00000000e0000000,0x00000000ec100000,0x00000000ec100000)
  from space 24064K, 98% used [0x00000000f0380000,0x00000000f1a9b570,0x00000000f1b00000)
  to   space 37376K, 0% used [0x00000000ed200000,0x00000000ed200000,0x00000000ef680000)
 ParOldGen       total 89088K, used 59468K [0x00000000a0000000, 0x00000000a5700000, 0x00000000e0000000)
  object space 89088K, 66% used [0x00000000a0000000,0x00000000a3a13158,0x00000000a5700000)
 Metaspace       used 82017K, capacity 86502K, committed 86616K, reserved 1124352K
  class space    used 10468K, capacity 11321K, committed 11352K, reserved 1048576K
Event: 1407.572 GC heap after
Heap after GC invocations=22 (full 3):
 PSYoungGen      total 214016K, used 23612K [0x00000000e0000000, 0x00000000f0480000, 0x0000000100000000)
  eden space 189952K, 0% used [0x00000000e0000000,0x00000000e0000000,0x00000000eb980000)
  from space 24064K, 98% used [0x00000000ed200000,0x00000000ee90f230,0x00000000ee980000)
  to   space 27648K, 0% used [0x00000000ee980000,0x00000000ee980000,0x00000000f0480000)
 ParOldGen       total 89088K, used 59476K [0x00000000a0000000, 0x00000000a5700000, 0x00000000e0000000)
  object space 89088K, 66% used [0x00000000a0000000,0x00000000a3a15158,0x00000000a5700000)
 Metaspace       used 82017K, capacity 86502K, committed 86616K, reserved 1124352K
  class space    used 10468K, capacity 11321K, committed 11352K, reserved 1048576K
}
Event: 1412.184 GC heap before
{Heap before GC invocations=23 (full 3):
 PSYoungGen      total 214016K, used 213564K [0x00000000e0000000, 0x00000000f0480000, 0x0000000100000000)
  eden space 189952K, 100% used [0x00000000e0000000,0x00000000eb980000,0x00000000eb980000)
  from space 24064K, 98% used [0x00000000ed200000,0x00000000ee90f230,0x00000000ee980000)
  to   space 27648K, 0% used [0x00000000ee980000,0x00000000ee980000,0x00000000f0480000)
 ParOldGen       total 89088K, used 59476K [0x00000000a0000000, 0x00000000a5700000, 0x00000000e0000000)
  object space 89088K, 66% used [0x00000000a0000000,0x00000000a3a15158,0x00000000a5700000)
 Metaspace       used 82545K, capacity 87022K, committed 87256K, reserved 1124352K
  class space    used 10518K, capacity 11387K, committed 11480K, reserved 1048576K
Event: 1412.266 GC heap after
Heap after GC invocations=23 (full 3):
 PSYoungGen      total 227328K, used 24554K [0x00000000e0000000, 0x00000000f1880000, 0x0000000100000000)
  eden space 199680K, 0% used [0x00000000e0000000,0x00000000e0000000,0x00000000ec300000)
  from space 27648K, 88% used [0x00000000ee980000,0x00000000f017abf0,0x00000000f0480000)
  to   space 39424K, 0% used [0x00000000ec300000,0x00000000ec300000,0x00000000ee980000)
 ParOldGen       total 89088K, used 59484K [0x00000000a0000000, 0x00000000a5700000, 0x00000000e0000000)
  object space 89088K, 66% used [0x00000000a0000000,0x00000000a3a17158,0x00000000a5700000)
 Metaspace       used 82545K, capacity 87022K, committed 87256K, reserved 1124352K
  class space    used 10518K, capacity 11387K, committed 11480K, reserved 1048576K
}
Event: 1415.268 GC heap before
{Heap before GC invocations=24 (full 3):
 PSYoungGen      total 227328K, used 224234K [0x00000000e0000000, 0x00000000f1880000, 0x0000000100000000)
  eden space 199680K, 100% used [0x00000000e0000000,0x00000000ec300000,0x00000000ec300000)
  from space 27648K, 88% used [0x00000000ee980000,0x00000000f017abf0,0x00000000f0480000)
  to   space 39424K, 0% used [0x00000000ec300000,0x00000000ec300000,0x00000000ee980000)
 ParOldGen       total 89088K, used 59484K [0x00000000a0000000, 0x00000000a5700000, 0x00000000e0000000)
  object space 89088K, 66% used [0x00000000a0000000,0x00000000a3a17158,0x00000000a5700000)
 Metaspace       used 86837K, capacity 91278K, committed 91352K, reserved 1128448K
  class space    used 11045K, capacity 11931K, committed 11992K, reserved 1048576K
Event: 1415.330 GC heap after
Heap after GC invocations=24 (full 3):
 PSYoungGen      total 239104K, used 39408K [0x00000000e0000000, 0x00000000f3480000, 0x0000000100000000)
  eden space 199680K, 0% used [0x00000000e0000000,0x00000000e0000000,0x00000000ec300000)
  from space 39424K, 99% used [0x00000000ec300000,0x00000000ee97c380,0x00000000ee980000)
  to   space 46592K, 0% used [0x00000000f0700000,0x00000000f0700000,0x00000000f3480000)
 ParOldGen       total 89088K, used 62543K [0x00000000a0000000, 0x00000000a5700000, 0x00000000e0000000)
  object space 89088K, 70% used [0x00000000a0000000,0x00000000a3d13ed8,0x00000000a5700000)
 Metaspace       used 86837K, capacity 91278K, committed 91352K, reserved 1128448K
  class space    used 11045K, capacity 11931K, committed 11992K, reserved 1048576K
}
Event: 1422.500 GC heap before
{Heap before GC invocations=25 (full 3):
 PSYoungGen      total 239104K, used 234270K [0x00000000e0000000, 0x00000000f3480000, 0x0000000100000000)
  eden space 199680K, 97% used [0x00000000e0000000,0x00000000ebe4b530,0x00000000ec300000)
  from space 39424K, 99% used [0x00000000ec300000,0x00000000ee97c380,0x00000000ee980000)
  to   space 46592K, 0% used [0x00000000f0700000,0x00000000f0700000,0x00000000f3480000)
 ParOldGen       total 89088K, used 62543K [0x00000000a0000000, 0x00000000a5700000, 0x00000000e0000000)
  object space 89088K, 70% used [0x00000000a0000000,0x00000000a3d13ed8,0x00000000a5700000)
 Metaspace       used 93759K, capacity 98485K, committed 98496K, reserved 1134592K
  class space    used 11995K, capacity 12877K, committed 12888K, reserved 1048576K
Event: 1422.615 GC heap after
Heap after GC invocations=25 (full 3):
 PSYoungGen      total 266752K, used 33956K [0x00000000e0000000, 0x00000000f3b00000, 0x0000000100000000)
  eden space 220160K, 0% used [0x00000000e0000000,0x00000000e0000000,0x00000000ed700000)
  from space 46592K, 72% used [0x00000000f0700000,0x00000000f28290e0,0x00000000f3480000)
  to   space 49152K, 0% used [0x00000000ed700000,0x00000000ed700000,0x00000000f0700000)
 ParOldGen       total 89088K, used 75817K [0x00000000a0000000, 0x00000000a5700000, 0x00000000e0000000)
  object space 89088K, 85% used [0x00000000a0000000,0x00000000a4a0a698,0x00000000a5700000)
 Metaspace       used 93759K, capacity 98485K, committed 98496K, reserved 1134592K
  class space    used 11995K, capacity 12877K, committed 12888K, reserved 1048576K
}
Event: 1422.615 GC heap before
{Heap before GC invocations=26 (full 4):
 PSYoungGen      total 266752K, used 33956K [0x00000000e0000000, 0x00000000f3b00000, 0x0000000100000000)
  eden space 220160K, 0% used [0x00000000e0000000,0x00000000e0000000,0x00000000ed700000)
  from space 46592K, 72% used [0x00000000f0700000,0x00000000f28290e0,0x00000000f3480000)
  to   space 49152K, 0% used [0x00000000ed700000,0x00000000ed700000,0x00000000f0700000)
 ParOldGen       total 89088K, used 75817K [0x00000000a0000000, 0x00000000a5700000, 0x00000000e0000000)
  object space 89088K, 85% used [0x00000000a0000000,0x00000000a4a0a698,0x00000000a5700000)
 Metaspace       used 93759K, capacity 98485K, committed 98496K, reserved 1134592K
  class space    used 11995K, capacity 12877K, committed 12888K, reserved 1048576K
Event: 1423.060 GC heap after
Heap after GC invocations=26 (full 4):
 PSYoungGen      total 266752K, used 0K [0x00000000e0000000, 0x00000000f3b00000, 0x0000000100000000)
  eden space 220160K, 0% used [0x00000000e0000000,0x00000000e0000000,0x00000000ed700000)
  from space 46592K, 0% used [0x00000000f0700000,0x00000000f0700000,0x00000000f3480000)
  to   space 49152K, 0% used [0x00000000ed700000,0x00000000ed700000,0x00000000f0700000)
 ParOldGen       total 156672K, used 69731K [0x00000000a0000000, 0x00000000a9900000, 0x00000000e0000000)
  object space 156672K, 44% used [0x00000000a0000000,0x00000000a4418d38,0x00000000a9900000)
 Metaspace       used 93561K, capacity 97873K, committed 98496K, reserved 1134592K
  class space    used 11934K, capacity 12783K, committed 12888K, reserved 1048576K
}

