# JRE version: OpenJDK Runtime Environment (8.0_202-b03) (build 1.8.0_202-release-1483-b03)
# Java VM: OpenJDK 64-Bit Server VM (25.202-b03 mixed mode windows-amd64 compressed oops)
Heap:
 PSYoungGen      total 229376K, used 64895K [0x00000000e0000000, 0x00000000f2080000, 0x0000000100000000)
  eden space 208896K, 31% used [0x00000000e0000000,0x00000000e3f5ff20,0x00000000ecc00000)
  from space 20480K, 0% used [0x00000000f0c80000,0x00000000f0c80000,0x00000000f2080000)
  to   space 18944K, 0% used [0x00000000ecc00000,0x00000000ecc00000,0x00000000ede80000)
 ParOldGen       total 83456K, used 53099K [0x00000000a0000000, 0x00000000a5180000, 0x00000000e0000000)
  object space 83456K, 63% used [0x00000000a0000000,0x00000000a33dac30,0x00000000a5180000)
 Metaspace       used 79936K, capacity 82734K, committed 82904K, reserved 1122304K
  class space    used 10607K, capacity 11194K, committed 11264K, reserved 1048576K
GC Heap History (10 events):
Event: 12.569 GC heap before
{Heap before GC invocations=16 (full 3):
 PSYoungGen      total 173568K, used 6499K [0x00000000e0000000, 0x00000000ef100000, 0x0000000100000000)
  eden space 157184K, 0% used [0x00000000e0000000,0x00000000e0000000,0x00000000e9980000)
  from space 16384K, 39% used [0x00000000e9980000,0x00000000e9fd8e08,0x00000000ea980000)
  to   space 15872K, 0% used [0x00000000ee180000,0x00000000ee180000,0x00000000ef100000)
 ParOldGen       total 56320K, used 28500K [0x00000000a0000000, 0x00000000a3700000, 0x00000000e0000000)
  object space 56320K, 50% used [0x00000000a0000000,0x00000000a1bd52e8,0x00000000a3700000)
 Metaspace       used 57495K, capacity 58996K, committed 59028K, reserved 1099776K
  class space    used 7817K, capacity 8171K, committed 8192K, reserved 1048576K
Event: 12.902 GC heap after
Heap after GC invocations=16 (full 3):
 PSYoungGen      total 173568K, used 0K [0x00000000e0000000, 0x00000000ef100000, 0x0000000100000000)
  eden space 157184K, 0% used [0x00000000e0000000,0x00000000e0000000,0x00000000e9980000)
  from space 16384K, 0% used [0x00000000e9980000,0x00000000e9980000,0x00000000ea980000)
  to   space 15872K, 0% used [0x00000000ee180000,0x00000000ee180000,0x00000000ef100000)
 ParOldGen       total 83456K, used 28723K [0x00000000a0000000, 0x00000000a5180000, 0x00000000e0000000)
  object space 83456K, 34% used [0x00000000a0000000,0x00000000a1c0ce48,0x00000000a5180000)
 Metaspace       used 57495K, capacity 58996K, committed 59028K, reserved 1099776K
  class space    used 7817K, capacity 8171K, committed 8192K, reserved 1048576K
}
Event: 16.436 GC heap before
{Heap before GC invocations=17 (full 3):
 PSYoungGen      total 173568K, used 157184K [0x00000000e0000000, 0x00000000ef100000, 0x0000000100000000)
  eden space 157184K, 100% used [0x00000000e0000000,0x00000000e9980000,0x00000000e9980000)
  from space 16384K, 0% used [0x00000000e9980000,0x00000000e9980000,0x00000000ea980000)
  to   space 15872K, 0% used [0x00000000ee180000,0x00000000ee180000,0x00000000ef100000)
 ParOldGen       total 83456K, used 28723K [0x00000000a0000000, 0x00000000a5180000, 0x00000000e0000000)
  object space 83456K, 34% used [0x00000000a0000000,0x00000000a1c0ce48,0x00000000a5180000)
 Metaspace       used 61409K, capacity 63380K, committed 63576K, reserved 1103872K
  class space    used 8296K, capacity 8763K, committed 8832K, reserved 1048576K
Event: 16.468 GC heap after
Heap after GC invocations=17 (full 3):
 PSYoungGen      total 218624K, used 15846K [0x00000000e0000000, 0x00000000ef100000, 0x0000000100000000)
  eden space 202752K, 0% used [0x00000000e0000000,0x00000000e0000000,0x00000000ec600000)
  from space 15872K, 99% used [0x00000000ee180000,0x00000000ef0f9aa8,0x00000000ef100000)
  to   space 18944K, 0% used [0x00000000ecc00000,0x00000000ecc00000,0x00000000ede80000)
 ParOldGen       total 83456K, used 31243K [0x00000000a0000000, 0x00000000a5180000, 0x00000000e0000000)
  object space 83456K, 37% used [0x00000000a0000000,0x00000000a1e82d60,0x00000000a5180000)
 Metaspace       used 61409K, capacity 63380K, committed 63576K, reserved 1103872K
  class space    used 8296K, capacity 8763K, committed 8832K, reserved 1048576K
}
Event: 21.771 GC heap before
{Heap before GC invocations=18 (full 3):
 PSYoungGen      total 218624K, used 216128K [0x00000000e0000000, 0x00000000ef100000, 0x0000000100000000)
  eden space 202752K, 98% used [0x00000000e0000000,0x00000000ec396620,0x00000000ec600000)
  from space 15872K, 99% used [0x00000000ee180000,0x00000000ef0f9aa8,0x00000000ef100000)
  to   space 18944K, 0% used [0x00000000ecc00000,0x00000000ecc00000,0x00000000ede80000)
 ParOldGen       total 83456K, used 31243K [0x00000000a0000000, 0x00000000a5180000, 0x00000000e0000000)
  object space 83456K, 37% used [0x00000000a0000000,0x00000000a1e82d60,0x00000000a5180000)
 Metaspace       used 69762K, capacity 71888K, committed 72152K, reserved 1112064K
  class space    used 9244K, capacity 9719K, committed 9728K, reserved 1048576K
Event: 21.812 GC heap after
Heap after GC invocations=18 (full 3):
 PSYoungGen      total 227840K, used 15153K [0x00000000e0000000, 0x00000000f2080000, 0x0000000100000000)
  eden space 208896K, 0% used [0x00000000e0000000,0x00000000e0000000,0x00000000ecc00000)
  from space 18944K, 79% used [0x00000000ecc00000,0x00000000edacc5f0,0x00000000ede80000)
  to   space 20480K, 0% used [0x00000000f0c80000,0x00000000f0c80000,0x00000000f2080000)
 ParOldGen       total 83456K, used 45788K [0x00000000a0000000, 0x00000000a5180000, 0x00000000e0000000)
  object space 83456K, 54% used [0x00000000a0000000,0x00000000a2cb7190,0x00000000a5180000)
 Metaspace       used 69762K, capacity 71888K, committed 72152K, reserved 1112064K
  class space    used 9244K, capacity 9719K, committed 9728K, reserved 1048576K
}
Event: 25.137 GC heap before
{Heap before GC invocations=19 (full 3):
 PSYoungGen      total 227840K, used 166937K [0x00000000e0000000, 0x00000000f2080000, 0x0000000100000000)
  eden space 208896K, 72% used [0x00000000e0000000,0x00000000e9439f28,0x00000000ecc00000)
  from space 18944K, 79% used [0x00000000ecc00000,0x00000000edacc5f0,0x00000000ede80000)
  to   space 20480K, 0% used [0x00000000f0c80000,0x00000000f0c80000,0x00000000f2080000)
 ParOldGen       total 83456K, used 45788K [0x00000000a0000000, 0x00000000a5180000, 0x00000000e0000000)
  object space 83456K, 54% used [0x00000000a0000000,0x00000000a2cb7190,0x00000000a5180000)
 Metaspace       used 76746K, capacity 79250K, committed 79320K, reserved 1122304K
  class space    used 10163K, capacity 10712K, committed 10752K, reserved 1048576K
Event: 25.202 GC heap after
Heap after GC invocations=19 (full 3):
 PSYoungGen      total 229376K, used 20460K [0x00000000e0000000, 0x00000000f2080000, 0x0000000100000000)
  eden space 208896K, 0% used [0x00000000e0000000,0x00000000e0000000,0x00000000ecc00000)
  from space 20480K, 99% used [0x00000000f0c80000,0x00000000f207b380,0x00000000f2080000)
  to   space 18944K, 0% used [0x00000000ecc00000,0x00000000ecc00000,0x00000000ede80000)
 ParOldGen       total 83456K, used 46201K [0x00000000a0000000, 0x00000000a5180000, 0x00000000e0000000)
  object space 83456K, 55% used [0x00000000a0000000,0x00000000a2d1e7e8,0x00000000a5180000)
 Metaspace       used 76746K, capacity 79250K, committed 79320K, reserved 1122304K
  class space    used 10163K, capacity 10712K, committed 10752K, reserved 1048576K
}
Event: 25.202 GC heap before
{Heap before GC invocations=20 (full 4):
 PSYoungGen      total 229376K, used 20460K [0x00000000e0000000, 0x00000000f2080000, 0x0000000100000000)
  eden space 208896K, 0% used [0x00000000e0000000,0x00000000e0000000,0x00000000ecc00000)
  from space 20480K, 99% used [0x00000000f0c80000,0x00000000f207b380,0x00000000f2080000)
  to   space 18944K, 0% used [0x00000000ecc00000,0x00000000ecc00000,0x00000000ede80000)
 ParOldGen       total 83456K, used 46201K [0x00000000a0000000, 0x00000000a5180000, 0x00000000e0000000)
  object space 83456K, 55% used [0x00000000a0000000,0x00000000a2d1e7e8,0x00000000a5180000)
 Metaspace       used 76746K, capacity 79250K, committed 79320K, reserved 1122304K
  class space    used 10163K, capacity 10712K, committed 10752K, reserved 1048576K
Event: 25.427 GC heap after
Heap after GC invocations=20 (full 4):
 PSYoungGen      total 229376K, used 0K [0x00000000e0000000, 0x00000000f2080000, 0x0000000100000000)
  eden space 208896K, 0% used [0x00000000e0000000,0x00000000e0000000,0x00000000ecc00000)
  from space 20480K, 0% used [0x00000000f0c80000,0x00000000f0c80000,0x00000000f2080000)
  to   space 18944K, 0% used [0x00000000ecc00000,0x00000000ecc00000,0x00000000ede80000)
 ParOldGen       total 83456K, used 53099K [0x00000000a0000000, 0x00000000a5180000, 0x00000000e0000000)
  object space 83456K, 63% used [0x00000000a0000000,0x00000000a33dac30,0x00000000a5180000)
 Metaspace       used 76637K, capacity 78954K, committed 79320K, reserved 1120256K
  class space    used 10127K, capacity 10648K, committed 10752K, reserved 1048576K
}

