# JRE version: OpenJDK Runtime Environment (8.0_202-b03) (build 1.8.0_202-release-1483-b03)
# Java VM: OpenJDK 64-Bit Server VM (25.202-b03 mixed mode windows-amd64 compressed oops)
Heap:
 PSYoungGen      total 330752K, used 262294K [0x00000000e0000000, 0x00000000fa200000, 0x0000000100000000)
  eden space 313856K, 80% used [0x00000000e0000000,0x00000000ef830550,0x00000000f3280000)
  from space 16896K, 48% used [0x00000000f4180000,0x00000000f4975570,0x00000000f5200000)
  to   space 15360K, 0% used [0x00000000f3280000,0x00000000f3280000,0x00000000f4180000)
 ParOldGen       total 80896K, used 59352K [0x00000000a0000000, 0x00000000a4f00000, 0x00000000e0000000)
  object space 80896K, 73% used [0x00000000a0000000,0x00000000a39f63e8,0x00000000a4f00000)
 Metaspace       used 71701K, capacity 74670K, committed 74776K, reserved 1114112K
  class space    used 9584K, capacity 10208K, committed 10280K, reserved 1048576K
GC Heap History (10 events):
Event: 27.255 GC heap before
{Heap before GC invocations=21 (full 3):
 PSYoungGen      total 286720K, used 7452K [0x00000000e0000000, 0x00000000f5200000, 0x0000000100000000)
  eden space 269312K, 1% used [0x00000000e0000000,0x00000000e02c2f58,0x00000000f0700000)
  from space 17408K, 26% used [0x00000000f0700000,0x00000000f0b84130,0x00000000f1800000)
  to   space 16896K, 0% used [0x00000000f4180000,0x00000000f4180000,0x00000000f5200000)
 ParOldGen       total 80896K, used 42361K [0x00000000a0000000, 0x00000000a4f00000, 0x00000000e0000000)
  object space 80896K, 52% used [0x00000000a0000000,0x00000000a295e580,0x00000000a4f00000)
 Metaspace       used 71172K, capacity 74090K, committed 74264K, reserved 1114112K
  class space    used 9565K, capacity 10168K, committed 10280K, reserved 1048576K
Event: 27.265 GC heap after
Heap after GC invocations=21 (full 3):
 PSYoungGen      total 329728K, used 4601K [0x00000000e0000000, 0x00000000f8080000, 0x0000000100000000)
  eden space 312832K, 0% used [0x00000000e0000000,0x00000000e0000000,0x00000000f3180000)
  from space 16896K, 27% used [0x00000000f4180000,0x00000000f45fe4f0,0x00000000f5200000)
  to   space 16384K, 0% used [0x00000000f3180000,0x00000000f3180000,0x00000000f4180000)
 ParOldGen       total 80896K, used 42369K [0x00000000a0000000, 0x00000000a4f00000, 0x00000000e0000000)
  object space 80896K, 52% used [0x00000000a0000000,0x00000000a2960580,0x00000000a4f00000)
 Metaspace       used 71172K, capacity 74090K, committed 74264K, reserved 1114112K
  class space    used 9565K, capacity 10168K, committed 10280K, reserved 1048576K
}
Event: 29.744 GC heap before
{Heap before GC invocations=22 (full 3):
 PSYoungGen      total 329728K, used 317433K [0x00000000e0000000, 0x00000000f8080000, 0x0000000100000000)
  eden space 312832K, 100% used [0x00000000e0000000,0x00000000f3180000,0x00000000f3180000)
  from space 16896K, 27% used [0x00000000f4180000,0x00000000f45fe4f0,0x00000000f5200000)
  to   space 16384K, 0% used [0x00000000f3180000,0x00000000f3180000,0x00000000f4180000)
 ParOldGen       total 80896K, used 42369K [0x00000000a0000000, 0x00000000a4f00000, 0x00000000e0000000)
  object space 80896K, 52% used [0x00000000a0000000,0x00000000a2960580,0x00000000a4f00000)
 Metaspace       used 71471K, capacity 74510K, committed 74776K, reserved 1114112K
  class space    used 9581K, capacity 10204K, committed 10280K, reserved 1048576K
Event: 29.771 GC heap after
Heap after GC invocations=22 (full 3):
 PSYoungGen      total 329216K, used 9934K [0x00000000e0000000, 0x00000000f8080000, 0x0000000100000000)
  eden space 312832K, 0% used [0x00000000e0000000,0x00000000e0000000,0x00000000f3180000)
  from space 16384K, 60% used [0x00000000f3180000,0x00000000f3b33820,0x00000000f4180000)
  to   space 16896K, 0% used [0x00000000f4180000,0x00000000f4180000,0x00000000f5200000)
 ParOldGen       total 80896K, used 44378K [0x00000000a0000000, 0x00000000a4f00000, 0x00000000e0000000)
  object space 80896K, 54% used [0x00000000a0000000,0x00000000a2b56bb0,0x00000000a4f00000)
 Metaspace       used 71471K, capacity 74510K, committed 74776K, reserved 1114112K
  class space    used 9581K, capacity 10204K, committed 10280K, reserved 1048576K
}
Event: 31.791 GC heap before
{Heap before GC invocations=23 (full 3):
 PSYoungGen      total 329216K, used 322766K [0x00000000e0000000, 0x00000000f8080000, 0x0000000100000000)
  eden space 312832K, 100% used [0x00000000e0000000,0x00000000f3180000,0x00000000f3180000)
  from space 16384K, 60% used [0x00000000f3180000,0x00000000f3b33820,0x00000000f4180000)
  to   space 16896K, 0% used [0x00000000f4180000,0x00000000f4180000,0x00000000f5200000)
 ParOldGen       total 80896K, used 44378K [0x00000000a0000000, 0x00000000a4f00000, 0x00000000e0000000)
  object space 80896K, 54% used [0x00000000a0000000,0x00000000a2b56bb0,0x00000000a4f00000)
 Metaspace       used 71560K, capacity 74582K, committed 74776K, reserved 1114112K
  class space    used 9581K, capacity 10204K, committed 10280K, reserved 1048576K
Event: 31.852 GC heap after
Heap after GC invocations=23 (full 3):
 PSYoungGen      total 329728K, used 7911K [0x00000000e0000000, 0x00000000f8080000, 0x0000000100000000)
  eden space 312832K, 0% used [0x00000000e0000000,0x00000000e0000000,0x00000000f3180000)
  from space 16896K, 46% used [0x00000000f4180000,0x00000000f4939d30,0x00000000f5200000)
  to   space 16384K, 0% used [0x00000000f3180000,0x00000000f3180000,0x00000000f4180000)
 ParOldGen       total 80896K, used 51711K [0x00000000a0000000, 0x00000000a4f00000, 0x00000000e0000000)
  object space 80896K, 63% used [0x00000000a0000000,0x00000000a327fd28,0x00000000a4f00000)
 Metaspace       used 71560K, capacity 74582K, committed 74776K, reserved 1114112K
  class space    used 9581K, capacity 10204K, committed 10280K, reserved 1048576K
}
Event: 34.312 GC heap before
{Heap before GC invocations=24 (full 3):
 PSYoungGen      total 329728K, used 320743K [0x00000000e0000000, 0x00000000f8080000, 0x0000000100000000)
  eden space 312832K, 100% used [0x00000000e0000000,0x00000000f3180000,0x00000000f3180000)
  from space 16896K, 46% used [0x00000000f4180000,0x00000000f4939d30,0x00000000f5200000)
  to   space 16384K, 0% used [0x00000000f3180000,0x00000000f3180000,0x00000000f4180000)
 ParOldGen       total 80896K, used 51711K [0x00000000a0000000, 0x00000000a4f00000, 0x00000000e0000000)
  object space 80896K, 63% used [0x00000000a0000000,0x00000000a327fd28,0x00000000a4f00000)
 Metaspace       used 71671K, capacity 74658K, committed 74776K, reserved 1114112K
  class space    used 9583K, capacity 10208K, committed 10280K, reserved 1048576K
Event: 34.335 GC heap after
Heap after GC invocations=24 (full 3):
 PSYoungGen      total 329216K, used 4283K [0x00000000e0000000, 0x00000000f8080000, 0x0000000100000000)
  eden space 312832K, 0% used [0x00000000e0000000,0x00000000e0000000,0x00000000f3180000)
  from space 16384K, 26% used [0x00000000f3180000,0x00000000f35aef08,0x00000000f4180000)
  to   space 16896K, 0% used [0x00000000f4180000,0x00000000f4180000,0x00000000f5200000)
 ParOldGen       total 80896K, used 56528K [0x00000000a0000000, 0x00000000a4f00000, 0x00000000e0000000)
  object space 80896K, 69% used [0x00000000a0000000,0x00000000a37340e8,0x00000000a4f00000)
 Metaspace       used 71671K, capacity 74658K, committed 74776K, reserved 1114112K
  class space    used 9583K, capacity 10208K, committed 10280K, reserved 1048576K
}
Event: 36.102 GC heap before
{Heap before GC invocations=25 (full 3):
 PSYoungGen      total 329216K, used 317115K [0x00000000e0000000, 0x00000000f8080000, 0x0000000100000000)
  eden space 312832K, 100% used [0x00000000e0000000,0x00000000f3180000,0x00000000f3180000)
  from space 16384K, 26% used [0x00000000f3180000,0x00000000f35aef08,0x00000000f4180000)
  to   space 16896K, 0% used [0x00000000f4180000,0x00000000f4180000,0x00000000f5200000)
 ParOldGen       total 80896K, used 56528K [0x00000000a0000000, 0x00000000a4f00000, 0x00000000e0000000)
  object space 80896K, 69% used [0x00000000a0000000,0x00000000a37340e8,0x00000000a4f00000)
 Metaspace       used 71680K, capacity 74666K, committed 74776K, reserved 1114112K
  class space    used 9583K, capacity 10208K, committed 10280K, reserved 1048576K
Event: 36.136 GC heap after
Heap after GC invocations=25 (full 3):
 PSYoungGen      total 330752K, used 8149K [0x00000000e0000000, 0x00000000fa200000, 0x0000000100000000)
  eden space 313856K, 0% used [0x00000000e0000000,0x00000000e0000000,0x00000000f3280000)
  from space 16896K, 48% used [0x00000000f4180000,0x00000000f4975570,0x00000000f5200000)
  to   space 15360K, 0% used [0x00000000f3280000,0x00000000f3280000,0x00000000f4180000)
 ParOldGen       total 80896K, used 59352K [0x00000000a0000000, 0x00000000a4f00000, 0x00000000e0000000)
  object space 80896K, 73% used [0x00000000a0000000,0x00000000a39f63e8,0x00000000a4f00000)
 Metaspace       used 71680K, capacity 74666K, committed 74776K, reserved 1114112K
  class space    used 9583K, capacity 10208K, committed 10280K, reserved 1048576K
}

