# JRE version: OpenJDK Runtime Environment (8.0_202-b03) (build 1.8.0_202-release-1483-b03)
# Java VM: OpenJDK 64-Bit Server VM (25.202-b03 mixed mode windows-amd64 compressed oops)
Heap:
 PSYoungGen      total 228352K, used 129863K [0x00000000e0000000, 0x00000000ef880000, 0x0000000100000000)
  eden space 206336K, 54% used [0x00000000e0000000,0x00000000e6e5acc0,0x00000000ec980000)
  from space 22016K, 76% used [0x00000000ec980000,0x00000000ed9f6f40,0x00000000edf00000)
  to   space 23040K, 0% used [0x00000000edf00000,0x00000000edf00000,0x00000000ef580000)
 ParOldGen       total 94720K, used 46410K [0x00000000a0000000, 0x00000000a5c80000, 0x00000000e0000000)
  object space 94720K, 48% used [0x00000000a0000000,0x00000000a2d52be8,0x00000000a5c80000)
 Metaspace       used 77778K, capacity 80810K, committed 81112K, reserved 1120256K
  class space    used 10208K, capacity 10834K, committed 10968K, reserved 1048576K
GC Heap History (10 events):
Event: 16.447 GC heap before
{Heap before GC invocations=16 (full 3):
 PSYoungGen      total 170496K, used 155136K [0x00000000e0000000, 0x00000000eb780000, 0x0000000100000000)
  eden space 155136K, 100% used [0x00000000e0000000,0x00000000e9780000,0x00000000e9780000)
  from space 15360K, 0% used [0x00000000ea800000,0x00000000ea800000,0x00000000eb700000)
  to   space 16384K, 0% used [0x00000000e9780000,0x00000000e9780000,0x00000000ea780000)
 ParOldGen       total 94720K, used 33848K [0x00000000a0000000, 0x00000000a5c80000, 0x00000000e0000000)
  object space 94720K, 35% used [0x00000000a0000000,0x00000000a210e050,0x00000000a5c80000)
 Metaspace       used 63350K, capacity 65200K, committed 65368K, reserved 1105920K
  class space    used 8482K, capacity 8931K, committed 9048K, reserved 1048576K
Event: 16.482 GC heap after
Heap after GC invocations=16 (full 3):
 PSYoungGen      total 171520K, used 13383K [0x00000000e0000000, 0x00000000ed480000, 0x0000000100000000)
  eden space 155136K, 0% used [0x00000000e0000000,0x00000000e0000000,0x00000000e9780000)
  from space 16384K, 81% used [0x00000000e9780000,0x00000000ea491e00,0x00000000ea780000)
  to   space 17920K, 0% used [0x00000000ec300000,0x00000000ec300000,0x00000000ed480000)
 ParOldGen       total 94720K, used 33856K [0x00000000a0000000, 0x00000000a5c80000, 0x00000000e0000000)
  object space 94720K, 35% used [0x00000000a0000000,0x00000000a2110050,0x00000000a5c80000)
 Metaspace       used 63350K, capacity 65200K, committed 65368K, reserved 1105920K
  class space    used 8482K, capacity 8931K, committed 9048K, reserved 1048576K
}
Event: 20.719 GC heap before
{Heap before GC invocations=17 (full 3):
 PSYoungGen      total 171520K, used 168519K [0x00000000e0000000, 0x00000000ed480000, 0x0000000100000000)
  eden space 155136K, 100% used [0x00000000e0000000,0x00000000e9780000,0x00000000e9780000)
  from space 16384K, 81% used [0x00000000e9780000,0x00000000ea491e00,0x00000000ea780000)
  to   space 17920K, 0% used [0x00000000ec300000,0x00000000ec300000,0x00000000ed480000)
 ParOldGen       total 94720K, used 33856K [0x00000000a0000000, 0x00000000a5c80000, 0x00000000e0000000)
  object space 94720K, 35% used [0x00000000a0000000,0x00000000a2110050,0x00000000a5c80000)
 Metaspace       used 67675K, capacity 69800K, committed 69848K, reserved 1110016K
  class space    used 8919K, capacity 9409K, committed 9432K, reserved 1048576K
Event: 20.751 GC heap after
Heap after GC invocations=17 (full 3):
 PSYoungGen      total 196608K, used 13981K [0x00000000e0000000, 0x00000000ed400000, 0x0000000100000000)
  eden space 179200K, 0% used [0x00000000e0000000,0x00000000e0000000,0x00000000eaf00000)
  from space 17408K, 80% used [0x00000000ec300000,0x00000000ed0a7728,0x00000000ed400000)
  to   space 18944K, 0% used [0x00000000eaf00000,0x00000000eaf00000,0x00000000ec180000)
 ParOldGen       total 94720K, used 33864K [0x00000000a0000000, 0x00000000a5c80000, 0x00000000e0000000)
  object space 94720K, 35% used [0x00000000a0000000,0x00000000a2112050,0x00000000a5c80000)
 Metaspace       used 67675K, capacity 69800K, committed 69848K, reserved 1110016K
  class space    used 8919K, capacity 9409K, committed 9432K, reserved 1048576K
}
Event: 25.259 GC heap before
{Heap before GC invocations=18 (full 3):
 PSYoungGen      total 196608K, used 193181K [0x00000000e0000000, 0x00000000ed400000, 0x0000000100000000)
  eden space 179200K, 100% used [0x00000000e0000000,0x00000000eaf00000,0x00000000eaf00000)
  from space 17408K, 80% used [0x00000000ec300000,0x00000000ed0a7728,0x00000000ed400000)
  to   space 18944K, 0% used [0x00000000eaf00000,0x00000000eaf00000,0x00000000ec180000)
 ParOldGen       total 94720K, used 33864K [0x00000000a0000000, 0x00000000a5c80000, 0x00000000e0000000)
  object space 94720K, 35% used [0x00000000a0000000,0x00000000a2112050,0x00000000a5c80000)
 Metaspace       used 76669K, capacity 79532K, committed 79704K, reserved 1118208K
  class space    used 10156K, capacity 10753K, committed 10840K, reserved 1048576K
Event: 25.310 GC heap after
Heap after GC invocations=18 (full 3):
 PSYoungGen      total 198144K, used 18931K [0x00000000e0000000, 0x00000000ef580000, 0x0000000100000000)
  eden space 179200K, 0% used [0x00000000e0000000,0x00000000e0000000,0x00000000eaf00000)
  from space 18944K, 99% used [0x00000000eaf00000,0x00000000ec17ce48,0x00000000ec180000)
  to   space 23040K, 0% used [0x00000000edf00000,0x00000000edf00000,0x00000000ef580000)
 ParOldGen       total 94720K, used 37718K [0x00000000a0000000, 0x00000000a5c80000, 0x00000000e0000000)
  object space 94720K, 39% used [0x00000000a0000000,0x00000000a24d5b60,0x00000000a5c80000)
 Metaspace       used 76669K, capacity 79532K, committed 79704K, reserved 1118208K
  class space    used 10156K, capacity 10753K, committed 10840K, reserved 1048576K
}
Event: 27.264 GC heap before
{Heap before GC invocations=19 (full 3):
 PSYoungGen      total 198144K, used 198131K [0x00000000e0000000, 0x00000000ef580000, 0x0000000100000000)
  eden space 179200K, 100% used [0x00000000e0000000,0x00000000eaf00000,0x00000000eaf00000)
  from space 18944K, 99% used [0x00000000eaf00000,0x00000000ec17ce48,0x00000000ec180000)
  to   space 23040K, 0% used [0x00000000edf00000,0x00000000edf00000,0x00000000ef580000)
 ParOldGen       total 94720K, used 37718K [0x00000000a0000000, 0x00000000a5c80000, 0x00000000e0000000)
  object space 94720K, 39% used [0x00000000a0000000,0x00000000a24d5b60,0x00000000a5c80000)
 Metaspace       used 77493K, capacity 80466K, committed 80728K, reserved 1120256K
  class space    used 10190K, capacity 10792K, committed 10840K, reserved 1048576K
Event: 27.321 GC heap after
Heap after GC invocations=19 (full 3):
 PSYoungGen      total 229376K, used 10752K [0x00000000e0000000, 0x00000000ef880000, 0x0000000100000000)
  eden space 206336K, 0% used [0x00000000e0000000,0x00000000e0000000,0x00000000ec980000)
  from space 23040K, 46% used [0x00000000edf00000,0x00000000ee980310,0x00000000ef580000)
  to   space 22016K, 0% used [0x00000000ec980000,0x00000000ec980000,0x00000000edf00000)
 ParOldGen       total 94720K, used 46410K [0x00000000a0000000, 0x00000000a5c80000, 0x00000000e0000000)
  object space 94720K, 48% used [0x00000000a0000000,0x00000000a2d52be8,0x00000000a5c80000)
 Metaspace       used 77493K, capacity 80466K, committed 80728K, reserved 1120256K
  class space    used 10190K, capacity 10792K, committed 10840K, reserved 1048576K
}
Event: 28.723 GC heap before
{Heap before GC invocations=20 (full 3):
 PSYoungGen      total 229376K, used 217088K [0x00000000e0000000, 0x00000000ef880000, 0x0000000100000000)
  eden space 206336K, 100% used [0x00000000e0000000,0x00000000ec980000,0x00000000ec980000)
  from space 23040K, 46% used [0x00000000edf00000,0x00000000ee980310,0x00000000ef580000)
  to   space 22016K, 0% used [0x00000000ec980000,0x00000000ec980000,0x00000000edf00000)
 ParOldGen       total 94720K, used 46410K [0x00000000a0000000, 0x00000000a5c80000, 0x00000000e0000000)
  object space 94720K, 48% used [0x00000000a0000000,0x00000000a2d52be8,0x00000000a5c80000)
 Metaspace       used 77746K, capacity 80810K, committed 81112K, reserved 1120256K
  class space    used 10208K, capacity 10834K, committed 10968K, reserved 1048576K
Event: 28.773 GC heap after
Heap after GC invocations=20 (full 3):
 PSYoungGen      total 228352K, used 16859K [0x00000000e0000000, 0x00000000ef880000, 0x0000000100000000)
  eden space 206336K, 0% used [0x00000000e0000000,0x00000000e0000000,0x00000000ec980000)
  from space 22016K, 76% used [0x00000000ec980000,0x00000000ed9f6f40,0x00000000edf00000)
  to   space 23040K, 0% used [0x00000000edf00000,0x00000000edf00000,0x00000000ef580000)
 ParOldGen       total 94720K, used 46410K [0x00000000a0000000, 0x00000000a5c80000, 0x00000000e0000000)
  object space 94720K, 48% used [0x00000000a0000000,0x00000000a2d52be8,0x00000000a5c80000)
 Metaspace       used 77746K, capacity 80810K, committed 81112K, reserved 1120256K
  class space    used 10208K, capacity 10834K, committed 10968K, reserved 1048576K
}

