# JRE version: OpenJDK Runtime Environment (8.0_202-b03) (build 1.8.0_202-release-1483-b03)
# Java VM: OpenJDK 64-Bit Server VM (25.202-b03 mixed mode windows-amd64 compressed oops)
Heap:
 PSYoungGen      total 311808K, used 84385K [0x00000000e0000000, 0x00000000f7a00000, 0x0000000100000000)
  eden space 264192K, 18% used [0x00000000e0000000,0x00000000e2f05de0,0x00000000f0200000)
  from space 47616K, 76% used [0x00000000f0200000,0x00000000f2562958,0x00000000f3080000)
  to   space 27136K, 0% used [0x00000000f3080000,0x00000000f3080000,0x00000000f4b00000)
 ParOldGen       total 182784K, used 94965K [0x00000000a0000000, 0x00000000ab280000, 0x00000000e0000000)
  object space 182784K, 51% used [0x00000000a0000000,0x00000000a5cbd790,0x00000000ab280000)
 Metaspace       used 87557K, capacity 90899K, committed 91160K, reserved 1128448K
  class space    used 11491K, capacity 12185K, committed 12328K, reserved 1048576K
GC Heap History (10 events):
Event: 30.527 GC heap before
{Heap before GC invocations=19 (full 3):
 PSYoungGen      total 228864K, used 228835K [0x00000000e0000000, 0x00000000f2900000, 0x0000000100000000)
  eden space 211456K, 100% used [0x00000000e0000000,0x00000000ece80000,0x00000000ece80000)
  from space 17408K, 99% used [0x00000000ece80000,0x00000000edf78f38,0x00000000edf80000)
  to   space 25600K, 0% used [0x00000000f1000000,0x00000000f1000000,0x00000000f2900000)
 ParOldGen       total 81920K, used 43549K [0x00000000a0000000, 0x00000000a5000000, 0x00000000e0000000)
  object space 81920K, 53% used [0x00000000a0000000,0x00000000a2a877b8,0x00000000a5000000)
 Metaspace       used 75783K, capacity 78801K, committed 79128K, reserved 1118208K
  class space    used 10338K, capacity 10958K, committed 11048K, reserved 1048576K
Event: 30.549 GC heap after
Heap after GC invocations=19 (full 3):
 PSYoungGen      total 278528K, used 1152K [0x00000000e0000000, 0x00000000f2f80000, 0x0000000100000000)
  eden space 252928K, 0% used [0x00000000e0000000,0x00000000e0000000,0x00000000ef700000)
  from space 25600K, 4% used [0x00000000f1000000,0x00000000f1120000,0x00000000f2900000)
  to   space 25600K, 0% used [0x00000000ef700000,0x00000000ef700000,0x00000000f1000000)
 ParOldGen       total 81920K, used 51492K [0x00000000a0000000, 0x00000000a5000000, 0x00000000e0000000)
  object space 81920K, 62% used [0x00000000a0000000,0x00000000a3249310,0x00000000a5000000)
 Metaspace       used 75783K, capacity 78801K, committed 79128K, reserved 1118208K
  class space    used 10338K, capacity 10958K, committed 11048K, reserved 1048576K
}
Event: 1015.951 GC heap before
{Heap before GC invocations=20 (full 3):
 PSYoungGen      total 278528K, used 254080K [0x00000000e0000000, 0x00000000f2f80000, 0x0000000100000000)
  eden space 252928K, 100% used [0x00000000e0000000,0x00000000ef700000,0x00000000ef700000)
  from space 25600K, 4% used [0x00000000f1000000,0x00000000f1120000,0x00000000f2900000)
  to   space 25600K, 0% used [0x00000000ef700000,0x00000000ef700000,0x00000000f1000000)
 ParOldGen       total 81920K, used 51492K [0x00000000a0000000, 0x00000000a5000000, 0x00000000e0000000)
  object space 81920K, 62% used [0x00000000a0000000,0x00000000a3249310,0x00000000a5000000)
 Metaspace       used 83067K, capacity 86611K, committed 86936K, reserved 1124352K
  class space    used 11131K, capacity 11825K, committed 11944K, reserved 1048576K
Event: 1016.003 GC heap after
Heap after GC invocations=20 (full 3):
 PSYoungGen      total 278528K, used 18535K [0x00000000e0000000, 0x00000000f4b00000, 0x0000000100000000)
  eden space 252928K, 0% used [0x00000000e0000000,0x00000000e0000000,0x00000000ef700000)
  from space 25600K, 72% used [0x00000000ef700000,0x00000000f0919c48,0x00000000f1000000)
  to   space 27136K, 0% used [0x00000000f3080000,0x00000000f3080000,0x00000000f4b00000)
 ParOldGen       total 81920K, used 51500K [0x00000000a0000000, 0x00000000a5000000, 0x00000000e0000000)
  object space 81920K, 62% used [0x00000000a0000000,0x00000000a324b310,0x00000000a5000000)
 Metaspace       used 83067K, capacity 86611K, committed 86936K, reserved 1124352K
  class space    used 11131K, capacity 11825K, committed 11944K, reserved 1048576K
}
Event: 1019.223 GC heap before
{Heap before GC invocations=21 (full 3):
 PSYoungGen      total 278528K, used 271463K [0x00000000e0000000, 0x00000000f4b00000, 0x0000000100000000)
  eden space 252928K, 100% used [0x00000000e0000000,0x00000000ef700000,0x00000000ef700000)
  from space 25600K, 72% used [0x00000000ef700000,0x00000000f0919c48,0x00000000f1000000)
  to   space 27136K, 0% used [0x00000000f3080000,0x00000000f3080000,0x00000000f4b00000)
 ParOldGen       total 81920K, used 51500K [0x00000000a0000000, 0x00000000a5000000, 0x00000000e0000000)
  object space 81920K, 62% used [0x00000000a0000000,0x00000000a324b310,0x00000000a5000000)
 Metaspace       used 83415K, capacity 86909K, committed 87192K, reserved 1124352K
  class space    used 11138K, capacity 11830K, committed 11944K, reserved 1048576K
Event: 1019.358 GC heap after
Heap after GC invocations=21 (full 3):
 PSYoungGen      total 291328K, used 27115K [0x00000000e0000000, 0x00000000f7a00000, 0x0000000100000000)
  eden space 264192K, 0% used [0x00000000e0000000,0x00000000e0000000,0x00000000f0200000)
  from space 27136K, 99% used [0x00000000f3080000,0x00000000f4afac48,0x00000000f4b00000)
  to   space 47616K, 0% used [0x00000000f0200000,0x00000000f0200000,0x00000000f3080000)
 ParOldGen       total 94208K, used 93772K [0x00000000a0000000, 0x00000000a5c00000, 0x00000000e0000000)
  object space 94208K, 99% used [0x00000000a0000000,0x00000000a5b93058,0x00000000a5c00000)
 Metaspace       used 83415K, capacity 86909K, committed 87192K, reserved 1124352K
  class space    used 11138K, capacity 11830K, committed 11944K, reserved 1048576K
}
Event: 1019.358 GC heap before
{Heap before GC invocations=22 (full 4):
 PSYoungGen      total 291328K, used 27115K [0x00000000e0000000, 0x00000000f7a00000, 0x0000000100000000)
  eden space 264192K, 0% used [0x00000000e0000000,0x00000000e0000000,0x00000000f0200000)
  from space 27136K, 99% used [0x00000000f3080000,0x00000000f4afac48,0x00000000f4b00000)
  to   space 47616K, 0% used [0x00000000f0200000,0x00000000f0200000,0x00000000f3080000)
 ParOldGen       total 94208K, used 93772K [0x00000000a0000000, 0x00000000a5c00000, 0x00000000e0000000)
  object space 94208K, 99% used [0x00000000a0000000,0x00000000a5b93058,0x00000000a5c00000)
 Metaspace       used 83415K, capacity 86909K, committed 87192K, reserved 1124352K
  class space    used 11138K, capacity 11830K, committed 11944K, reserved 1048576K
Event: 1020.240 GC heap after
Heap after GC invocations=22 (full 4):
 PSYoungGen      total 291328K, used 13203K [0x00000000e0000000, 0x00000000f7a00000, 0x0000000100000000)
  eden space 264192K, 0% used [0x00000000e0000000,0x00000000e0000000,0x00000000f0200000)
  from space 27136K, 48% used [0x00000000f3080000,0x00000000f3d64c08,0x00000000f4b00000)
  to   space 47616K, 0% used [0x00000000f0200000,0x00000000f0200000,0x00000000f3080000)
 ParOldGen       total 182784K, used 94117K [0x00000000a0000000, 0x00000000ab280000, 0x00000000e0000000)
  object space 182784K, 51% used [0x00000000a0000000,0x00000000a5be9780,0x00000000ab280000)
 Metaspace       used 83207K, capacity 86323K, committed 87192K, reserved 1124352K
  class space    used 11068K, capacity 11709K, committed 11944K, reserved 1048576K
}
Event: 1048.940 GC heap before
{Heap before GC invocations=23 (full 4):
 PSYoungGen      total 291328K, used 277395K [0x00000000e0000000, 0x00000000f7a00000, 0x0000000100000000)
  eden space 264192K, 100% used [0x00000000e0000000,0x00000000f0200000,0x00000000f0200000)
  from space 27136K, 48% used [0x00000000f3080000,0x00000000f3d64c08,0x00000000f4b00000)
  to   space 47616K, 0% used [0x00000000f0200000,0x00000000f0200000,0x00000000f3080000)
 ParOldGen       total 182784K, used 94117K [0x00000000a0000000, 0x00000000ab280000, 0x00000000e0000000)
  object space 182784K, 51% used [0x00000000a0000000,0x00000000a5be9780,0x00000000ab280000)
 Metaspace       used 87397K, capacity 90775K, committed 91160K, reserved 1128448K
  class space    used 11470K, capacity 12175K, committed 12328K, reserved 1048576K
Event: 1049.102 GC heap after
Heap after GC invocations=23 (full 4):
 PSYoungGen      total 311808K, used 36234K [0x00000000e0000000, 0x00000000f7a00000, 0x0000000100000000)
  eden space 264192K, 0% used [0x00000000e0000000,0x00000000e0000000,0x00000000f0200000)
  from space 47616K, 76% used [0x00000000f0200000,0x00000000f2562958,0x00000000f3080000)
  to   space 27136K, 0% used [0x00000000f3080000,0x00000000f3080000,0x00000000f4b00000)
 ParOldGen       total 182784K, used 94965K [0x00000000a0000000, 0x00000000ab280000, 0x00000000e0000000)
  object space 182784K, 51% used [0x00000000a0000000,0x00000000a5cbd790,0x00000000ab280000)
 Metaspace       used 87397K, capacity 90775K, committed 91160K, reserved 1128448K
  class space    used 11470K, capacity 12175K, committed 12328K, reserved 1048576K
}

