# JRE version: OpenJDK Runtime Environment (8.0_202-b03) (build 1.8.0_202-release-1483-b03)
# Java VM: OpenJDK 64-Bit Server VM (25.202-b03 mixed mode windows-amd64 compressed oops)
Heap:
 PSYoungGen      total 256000K, used 224884K [0x00000000e0000000, 0x00000000f1580000, 0x0000000100000000)
  eden space 232960K, 87% used [0x00000000e0000000,0x00000000ec62b9b0,0x00000000ee380000)
  from space 23040K, 95% used [0x00000000eff00000,0x00000000f14718e0,0x00000000f1580000)
  to   space 25600K, 9% used [0x00000000ee380000,0x00000000ee5f4020,0x00000000efc80000)
 ParOldGen       total 89088K, used 66333K [0x00000000a0000000, 0x00000000a5700000, 0x00000000e0000000)
  object space 89088K, 74% used [0x00000000a0000000,0x00000000a40c7718,0x00000000a5700000)
 Metaspace       used 81405K, capacity 85316K, committed 85504K, reserved 1128448K
  class space    used 10673K, capacity 11429K, committed 11520K, reserved 1048576K
GC Heap History (10 events):
Event: 211.458 GC heap after
Heap after GC invocations=25 (full 3):
 PSYoungGen      total 256000K, used 21390K [0x00000000e0000000, 0x00000000f1580000, 0x0000000100000000)
  eden space 232960K, 0% used [0x00000000e0000000,0x00000000e0000000,0x00000000ee380000)
  from space 23040K, 92% used [0x00000000eff00000,0x00000000f13e3a00,0x00000000f1580000)
  to   space 25600K, 0% used [0x00000000ee380000,0x00000000ee380000,0x00000000efc80000)
 ParOldGen       total 89088K, used 59567K [0x00000000a0000000, 0x00000000a5700000, 0x00000000e0000000)
  object space 89088K, 66% used [0x00000000a0000000,0x00000000a3a2be30,0x00000000a5700000)
 Metaspace       used 80585K, capacity 84456K, committed 84608K, reserved 1122304K
  class space    used 10628K, capacity 11387K, committed 11392K, reserved 1048576K
}
Event: 212.870 GC heap before
{Heap before GC invocations=26 (full 3):
 PSYoungGen      total 256000K, used 254350K [0x00000000e0000000, 0x00000000f1580000, 0x0000000100000000)
  eden space 232960K, 100% used [0x00000000e0000000,0x00000000ee380000,0x00000000ee380000)
  from space 23040K, 92% used [0x00000000eff00000,0x00000000f13e3a00,0x00000000f1580000)
  to   space 25600K, 0% used [0x00000000ee380000,0x00000000ee380000,0x00000000efc80000)
 ParOldGen       total 89088K, used 59567K [0x00000000a0000000, 0x00000000a5700000, 0x00000000e0000000)
  object space 89088K, 66% used [0x00000000a0000000,0x00000000a3a2be30,0x00000000a5700000)
 Metaspace       used 80607K, capacity 84488K, committed 84608K, reserved 1122304K
  class space    used 10630K, capacity 11391K, committed 11392K, reserved 1048576K
Event: 212.914 GC heap after
Heap after GC invocations=26 (full 3):
 PSYoungGen      total 258560K, used 24565K [0x00000000e0000000, 0x00000000f1580000, 0x0000000100000000)
  eden space 232960K, 0% used [0x00000000e0000000,0x00000000e0000000,0x00000000ee380000)
  from space 25600K, 95% used [0x00000000ee380000,0x00000000efb7d6e8,0x00000000efc80000)
  to   space 23040K, 0% used [0x00000000eff00000,0x00000000eff00000,0x00000000f1580000)
 ParOldGen       total 89088K, used 59567K [0x00000000a0000000, 0x00000000a5700000, 0x00000000e0000000)
  object space 89088K, 66% used [0x00000000a0000000,0x00000000a3a2be30,0x00000000a5700000)
 Metaspace       used 80607K, capacity 84488K, committed 84608K, reserved 1122304K
  class space    used 10630K, capacity 11391K, committed 11392K, reserved 1048576K
}
Event: 214.460 GC heap before
{Heap before GC invocations=27 (full 3):
 PSYoungGen      total 258560K, used 257525K [0x00000000e0000000, 0x00000000f1580000, 0x0000000100000000)
  eden space 232960K, 100% used [0x00000000e0000000,0x00000000ee380000,0x00000000ee380000)
  from space 25600K, 95% used [0x00000000ee380000,0x00000000efb7d6e8,0x00000000efc80000)
  to   space 23040K, 0% used [0x00000000eff00000,0x00000000eff00000,0x00000000f1580000)
 ParOldGen       total 89088K, used 59567K [0x00000000a0000000, 0x00000000a5700000, 0x00000000e0000000)
  object space 89088K, 66% used [0x00000000a0000000,0x00000000a3a2be30,0x00000000a5700000)
 Metaspace       used 80703K, capacity 84556K, committed 84608K, reserved 1122304K
  class space    used 10630K, capacity 11391K, committed 11392K, reserved 1048576K
Event: 214.505 GC heap after
Heap after GC invocations=27 (full 3):
 PSYoungGen      total 256000K, used 23014K [0x00000000e0000000, 0x00000000f1580000, 0x0000000100000000)
  eden space 232960K, 0% used [0x00000000e0000000,0x00000000e0000000,0x00000000ee380000)
  from space 23040K, 99% used [0x00000000eff00000,0x00000000f1579ae0,0x00000000f1580000)
  to   space 25600K, 0% used [0x00000000ee380000,0x00000000ee380000,0x00000000efc80000)
 ParOldGen       total 89088K, used 60146K [0x00000000a0000000, 0x00000000a5700000, 0x00000000e0000000)
  object space 89088K, 67% used [0x00000000a0000000,0x00000000a3abc858,0x00000000a5700000)
 Metaspace       used 80703K, capacity 84556K, committed 84608K, reserved 1122304K
  class space    used 10630K, capacity 11391K, committed 11392K, reserved 1048576K
}
Event: 215.912 GC heap before
{Heap before GC invocations=28 (full 3):
 PSYoungGen      total 256000K, used 255974K [0x00000000e0000000, 0x00000000f1580000, 0x0000000100000000)
  eden space 232960K, 100% used [0x00000000e0000000,0x00000000ee380000,0x00000000ee380000)
  from space 23040K, 99% used [0x00000000eff00000,0x00000000f1579ae0,0x00000000f1580000)
  to   space 25600K, 0% used [0x00000000ee380000,0x00000000ee380000,0x00000000efc80000)
 ParOldGen       total 89088K, used 60146K [0x00000000a0000000, 0x00000000a5700000, 0x00000000e0000000)
  object space 89088K, 67% used [0x00000000a0000000,0x00000000a3abc858,0x00000000a5700000)
 Metaspace       used 81297K, capacity 85164K, committed 85504K, reserved 1124352K
  class space    used 10661K, capacity 11423K, committed 11520K, reserved 1048576K
Event: 215.958 GC heap after
Heap after GC invocations=28 (full 3):
 PSYoungGen      total 258560K, used 18645K [0x00000000e0000000, 0x00000000f1580000, 0x0000000100000000)
  eden space 232960K, 0% used [0x00000000e0000000,0x00000000e0000000,0x00000000ee380000)
  from space 25600K, 72% used [0x00000000ee380000,0x00000000ef5b54c0,0x00000000efc80000)
  to   space 23040K, 0% used [0x00000000eff00000,0x00000000eff00000,0x00000000f1580000)
 ParOldGen       total 89088K, used 66325K [0x00000000a0000000, 0x00000000a5700000, 0x00000000e0000000)
  object space 89088K, 74% used [0x00000000a0000000,0x00000000a40c5718,0x00000000a5700000)
 Metaspace       used 81297K, capacity 85164K, committed 85504K, reserved 1124352K
  class space    used 10661K, capacity 11423K, committed 11520K, reserved 1048576K
}
Event: 217.135 GC heap before
{Heap before GC invocations=29 (full 3):
 PSYoungGen      total 258560K, used 251605K [0x00000000e0000000, 0x00000000f1580000, 0x0000000100000000)
  eden space 232960K, 100% used [0x00000000e0000000,0x00000000ee380000,0x00000000ee380000)
  from space 25600K, 72% used [0x00000000ee380000,0x00000000ef5b54c0,0x00000000efc80000)
  to   space 23040K, 0% used [0x00000000eff00000,0x00000000eff00000,0x00000000f1580000)
 ParOldGen       total 89088K, used 66325K [0x00000000a0000000, 0x00000000a5700000, 0x00000000e0000000)
  object space 89088K, 74% used [0x00000000a0000000,0x00000000a40c5718,0x00000000a5700000)
 Metaspace       used 81312K, capacity 85292K, committed 85504K, reserved 1124352K
  class space    used 10661K, capacity 11423K, committed 11520K, reserved 1048576K
Event: 217.186 GC heap after
Heap after GC invocations=29 (full 3):
 PSYoungGen      total 256000K, used 21958K [0x00000000e0000000, 0x00000000f1580000, 0x0000000100000000)
  eden space 232960K, 0% used [0x00000000e0000000,0x00000000e0000000,0x00000000ee380000)
  from space 23040K, 95% used [0x00000000eff00000,0x00000000f14718e0,0x00000000f1580000)
  to   space 25600K, 0% used [0x00000000ee380000,0x00000000ee380000,0x00000000efc80000)
 ParOldGen       total 89088K, used 66333K [0x00000000a0000000, 0x00000000a5700000, 0x00000000e0000000)
  object space 89088K, 74% used [0x00000000a0000000,0x00000000a40c7718,0x00000000a5700000)
 Metaspace       used 81312K, capacity 85292K, committed 85504K, reserved 1124352K
  class space    used 10661K, capacity 11423K, committed 11520K, reserved 1048576K
}
Event: 218.139 GC heap before
{Heap before GC invocations=30 (full 3):
 PSYoungGen      total 256000K, used 224884K [0x00000000e0000000, 0x00000000f1580000, 0x0000000100000000)
  eden space 232960K, 87% used [0x00000000e0000000,0x00000000ec62b9b0,0x00000000ee380000)
  from space 23040K, 95% used [0x00000000eff00000,0x00000000f14718e0,0x00000000f1580000)
  to   space 25600K, 0% used [0x00000000ee380000,0x00000000ee380000,0x00000000efc80000)
 ParOldGen       total 89088K, used 66333K [0x00000000a0000000, 0x00000000a5700000, 0x00000000e0000000)
  object space 89088K, 74% used [0x00000000a0000000,0x00000000a40c7718,0x00000000a5700000)
 Metaspace       used 81405K, capacity 85316K, committed 85504K, reserved 1128448K
  class space    used 10673K, capacity 11429K, committed 11520K, reserved 1048576K

