# JRE version: OpenJDK Runtime Environment (8.0_202-b03) (build 1.8.0_202-release-1483-b03)
# Java VM: OpenJDK 64-Bit Server VM (25.202-b03 mixed mode windows-amd64 compressed oops)
Heap:
 PSYoungGen      total 325632K, used 271920K [0x00000000e0000000, 0x00000000ff980000, 0x0000000100000000)
  eden space 323072K, 83% used [0x00000000e0000000,0x00000000f07700b8,0x00000000f3b80000)
  from space 2560K, 84% used [0x00000000f3b80000,0x00000000f3d9c010,0x00000000f3e00000)
  to   space 97280K, 0% used [0x00000000f9a80000,0x00000000f9a80000,0x00000000ff980000)
 ParOldGen       total 206848K, used 138735K [0x00000000a0000000, 0x00000000aca00000, 0x00000000e0000000)
  object space 206848K, 67% used [0x00000000a0000000,0x00000000a877bdf8,0x00000000aca00000)
 Metaspace       used 102980K, capacity 109784K, committed 109976K, reserved 1144832K
  class space    used 13059K, capacity 14231K, committed 14248K, reserved 1048576K
GC Heap History (10 events):
Event: 4682.051 GC heap before
{Heap before GC invocations=45 (full 6):
 PSYoungGen      total 429568K, used 372271K [0x00000000e0000000, 0x0000000100000000, 0x0000000100000000)
  eden space 337920K, 100% used [0x00000000e0000000,0x00000000f4a00000,0x00000000f4a00000)
  from space 91648K, 37% used [0x00000000fa680000,0x00000000fc80bc30,0x0000000100000000)
  to   space 93184K, 0% used [0x00000000f4a00000,0x00000000f4a00000,0x00000000fa500000)
 ParOldGen       total 206848K, used 137136K [0x00000000a0000000, 0x00000000aca00000, 0x00000000e0000000)
  object space 206848K, 66% used [0x00000000a0000000,0x00000000a85ec0a0,0x00000000aca00000)
 Metaspace       used 101595K, capacity 107080K, committed 107416K, reserved 1142784K
  class space    used 12868K, capacity 13879K, committed 13992K, reserved 1048576K
Event: 4682.075 GC heap after
Heap after GC invocations=45 (full 6):
 PSYoungGen      total 431104K, used 3974K [0x00000000e0000000, 0x00000000fff80000, 0x0000000100000000)
  eden space 337920K, 0% used [0x00000000e0000000,0x00000000e0000000,0x00000000f4a00000)
  from space 93184K, 4% used [0x00000000f4a00000,0x00000000f4de1910,0x00000000fa500000)
  to   space 92160K, 0% used [0x00000000fa580000,0x00000000fa580000,0x00000000fff80000)
 ParOldGen       total 206848K, used 137751K [0x00000000a0000000, 0x00000000aca00000, 0x00000000e0000000)
  object space 206848K, 66% used [0x00000000a0000000,0x00000000a8685da8,0x00000000aca00000)
 Metaspace       used 101595K, capacity 107080K, committed 107416K, reserved 1142784K
  class space    used 12868K, capacity 13879K, committed 13992K, reserved 1048576K
}
Event: 4985.675 GC heap before
{Heap before GC invocations=46 (full 6):
 PSYoungGen      total 431104K, used 341894K [0x00000000e0000000, 0x00000000fff80000, 0x0000000100000000)
  eden space 337920K, 100% used [0x00000000e0000000,0x00000000f4a00000,0x00000000f4a00000)
  from space 93184K, 4% used [0x00000000f4a00000,0x00000000f4de1910,0x00000000fa500000)
  to   space 92160K, 0% used [0x00000000fa580000,0x00000000fa580000,0x00000000fff80000)
 ParOldGen       total 206848K, used 137751K [0x00000000a0000000, 0x00000000aca00000, 0x00000000e0000000)
  object space 206848K, 66% used [0x00000000a0000000,0x00000000a8685da8,0x00000000aca00000)
 Metaspace       used 101818K, capacity 107316K, committed 107672K, reserved 1142784K
  class space    used 12871K, capacity 13885K, committed 13992K, reserved 1048576K
Event: 4985.692 GC heap after
Heap after GC invocations=46 (full 6):
 PSYoungGen      total 427520K, used 4912K [0x00000000e0000000, 0x00000000ffc00000, 0x0000000100000000)
  eden space 338944K, 0% used [0x00000000e0000000,0x00000000e0000000,0x00000000f4b00000)
  from space 88576K, 5% used [0x00000000fa580000,0x00000000faa4c020,0x00000000ffc00000)
  to   space 90624K, 0% used [0x00000000f4b00000,0x00000000f4b00000,0x00000000fa380000)
 ParOldGen       total 206848K, used 137759K [0x00000000a0000000, 0x00000000aca00000, 0x00000000e0000000)
  object space 206848K, 66% used [0x00000000a0000000,0x00000000a8687da8,0x00000000aca00000)
 Metaspace       used 101818K, capacity 107316K, committed 107672K, reserved 1142784K
  class space    used 12871K, capacity 13885K, committed 13992K, reserved 1048576K
}
Event: 4988.879 GC heap before
{Heap before GC invocations=47 (full 6):
 PSYoungGen      total 427520K, used 343856K [0x00000000e0000000, 0x00000000ffc00000, 0x0000000100000000)
  eden space 338944K, 100% used [0x00000000e0000000,0x00000000f4b00000,0x00000000f4b00000)
  from space 88576K, 5% used [0x00000000fa580000,0x00000000faa4c020,0x00000000ffc00000)
  to   space 90624K, 0% used [0x00000000f4b00000,0x00000000f4b00000,0x00000000fa380000)
 ParOldGen       total 206848K, used 137759K [0x00000000a0000000, 0x00000000aca00000, 0x00000000e0000000)
  object space 206848K, 66% used [0x00000000a0000000,0x00000000a8687da8,0x00000000aca00000)
 Metaspace       used 101874K, capacity 107382K, committed 107672K, reserved 1142784K
  class space    used 12877K, capacity 13896K, committed 13992K, reserved 1048576K
Event: 4989.111 GC heap after
Heap after GC invocations=47 (full 6):
 PSYoungGen      total 421888K, used 82851K [0x00000000e0000000, 0x0000000100000000, 0x0000000100000000)
  eden space 338944K, 0% used [0x00000000e0000000,0x00000000e0000000,0x00000000f4b00000)
  from space 82944K, 99% used [0x00000000f4b00000,0x00000000f9be8c50,0x00000000f9c00000)
  to   space 102400K, 0% used [0x00000000f9c00000,0x00000000f9c00000,0x0000000100000000)
 ParOldGen       total 206848K, used 137767K [0x00000000a0000000, 0x00000000aca00000, 0x00000000e0000000)
  object space 206848K, 66% used [0x00000000a0000000,0x00000000a8689da8,0x00000000aca00000)
 Metaspace       used 101874K, capacity 107382K, committed 107672K, reserved 1142784K
  class space    used 12877K, capacity 13896K, committed 13992K, reserved 1048576K
}
Event: 5020.664 GC heap before
{Heap before GC invocations=48 (full 6):
 PSYoungGen      total 421888K, used 421795K [0x00000000e0000000, 0x0000000100000000, 0x0000000100000000)
  eden space 338944K, 100% used [0x00000000e0000000,0x00000000f4b00000,0x00000000f4b00000)
  from space 82944K, 99% used [0x00000000f4b00000,0x00000000f9be8c50,0x00000000f9c00000)
  to   space 102400K, 0% used [0x00000000f9c00000,0x00000000f9c00000,0x0000000100000000)
 ParOldGen       total 206848K, used 137767K [0x00000000a0000000, 0x00000000aca00000, 0x00000000e0000000)
  object space 206848K, 66% used [0x00000000a0000000,0x00000000a8689da8,0x00000000aca00000)
 Metaspace       used 102635K, capacity 109248K, committed 109464K, reserved 1144832K
  class space    used 13028K, capacity 14175K, committed 14248K, reserved 1048576K
Event: 5020.701 GC heap after
Heap after GC invocations=48 (full 6):
 PSYoungGen      total 425472K, used 25722K [0x00000000e0000000, 0x0000000100000000, 0x0000000100000000)
  eden space 323072K, 0% used [0x00000000e0000000,0x00000000e0000000,0x00000000f3b80000)
  from space 102400K, 25% used [0x00000000f9c00000,0x00000000fb51ebd8,0x0000000100000000)
  to   space 98816K, 0% used [0x00000000f3b80000,0x00000000f3b80000,0x00000000f9c00000)
 ParOldGen       total 206848K, used 138095K [0x00000000a0000000, 0x00000000aca00000, 0x00000000e0000000)
  object space 206848K, 66% used [0x00000000a0000000,0x00000000a86dbdd8,0x00000000aca00000)
 Metaspace       used 102635K, capacity 109248K, committed 109464K, reserved 1144832K
  class space    used 13028K, capacity 14175K, committed 14248K, reserved 1048576K
}
Event: 5172.343 GC heap before
{Heap before GC invocations=49 (full 6):
 PSYoungGen      total 425472K, used 348794K [0x00000000e0000000, 0x0000000100000000, 0x0000000100000000)
  eden space 323072K, 100% used [0x00000000e0000000,0x00000000f3b80000,0x00000000f3b80000)
  from space 102400K, 25% used [0x00000000f9c00000,0x00000000fb51ebd8,0x0000000100000000)
  to   space 98816K, 0% used [0x00000000f3b80000,0x00000000f3b80000,0x00000000f9c00000)
 ParOldGen       total 206848K, used 138095K [0x00000000a0000000, 0x00000000aca00000, 0x00000000e0000000)
  object space 206848K, 66% used [0x00000000a0000000,0x00000000a86dbdd8,0x00000000aca00000)
 Metaspace       used 102665K, capacity 109254K, committed 109464K, reserved 1144832K
  class space    used 13028K, capacity 14176K, committed 14248K, reserved 1048576K
Event: 5172.357 GC heap after
Heap after GC invocations=49 (full 6):
 PSYoungGen      total 325632K, used 2160K [0x00000000e0000000, 0x00000000ff980000, 0x0000000100000000)
  eden space 323072K, 0% used [0x00000000e0000000,0x00000000e0000000,0x00000000f3b80000)
  from space 2560K, 84% used [0x00000000f3b80000,0x00000000f3d9c010,0x00000000f3e00000)
  to   space 97280K, 0% used [0x00000000f9a80000,0x00000000f9a80000,0x00000000ff980000)
 ParOldGen       total 206848K, used 138735K [0x00000000a0000000, 0x00000000aca00000, 0x00000000e0000000)
  object space 206848K, 67% used [0x00000000a0000000,0x00000000a877bdf8,0x00000000aca00000)
 Metaspace       used 102665K, capacity 109254K, committed 109464K, reserved 1144832K
  class space    used 13028K, capacity 14176K, committed 14248K, reserved 1048576K
}

