# JRE version: OpenJDK Runtime Environment (8.0_202-b03) (build 1.8.0_202-release-1483-b03)
# Java VM: OpenJDK 64-Bit Server VM (25.202-b03 mixed mode windows-amd64 compressed oops)
Heap:
 PSYoungGen      total 368128K, used 100578K [0x00000000e0000000, 0x00000000fa080000, 0x0000000100000000)
  eden space 322048K, 23% used [0x00000000e0000000,0x00000000e4a06440,0x00000000f3a80000)
  from space 46080K, 53% used [0x00000000f7380000,0x00000000f8bb25d0,0x00000000fa080000)
  to   space 52224K, 0% used [0x00000000f3a80000,0x00000000f3a80000,0x00000000f6d80000)
 ParOldGen       total 178176K, used 124510K [0x00000000a0000000, 0x00000000aae00000, 0x00000000e0000000)
  object space 178176K, 69% used [0x00000000a0000000,0x00000000a7997a88,0x00000000aae00000)
 Metaspace       used 88519K, capacity 92038K, committed 92248K, reserved 1130496K
  class space    used 11380K, capacity 12068K, committed 12160K, reserved 1048576K
GC Heap History (10 events):
Event: 493.242 GC heap before
{Heap before GC invocations=22 (full 4):
 PSYoungGen      total 268288K, used 235269K [0x00000000e0000000, 0x00000000f5480000, 0x0000000100000000)
  eden space 221696K, 100% used [0x00000000e0000000,0x00000000ed880000,0x00000000ed880000)
  from space 46592K, 29% used [0x00000000ed880000,0x00000000ee5c17a8,0x00000000f0600000)
  to   space 44544K, 0% used [0x00000000f2900000,0x00000000f2900000,0x00000000f5480000)
 ParOldGen       total 178176K, used 104400K [0x00000000a0000000, 0x00000000aae00000, 0x00000000e0000000)
  object space 178176K, 58% used [0x00000000a0000000,0x00000000a65f4058,0x00000000aae00000)
 Metaspace       used 82084K, capacity 85072K, committed 85208K, reserved 1122304K
  class space    used 10813K, capacity 11409K, committed 11520K, reserved 1048576K
Event: 493.361 GC heap after
Heap after GC invocations=22 (full 4):
 PSYoungGen      total 292864K, used 44512K [0x00000000e0000000, 0x00000000f7100000, 0x0000000100000000)
  eden space 248320K, 0% used [0x00000000e0000000,0x00000000e0000000,0x00000000ef280000)
  from space 44544K, 99% used [0x00000000f2900000,0x00000000f54781e8,0x00000000f5480000)
  to   space 55808K, 0% used [0x00000000ef280000,0x00000000ef280000,0x00000000f2900000)
 ParOldGen       total 178176K, used 114914K [0x00000000a0000000, 0x00000000aae00000, 0x00000000e0000000)
  object space 178176K, 64% used [0x00000000a0000000,0x00000000a7038bc0,0x00000000aae00000)
 Metaspace       used 82084K, capacity 85072K, committed 85208K, reserved 1122304K
  class space    used 10813K, capacity 11409K, committed 11520K, reserved 1048576K
}
Event: 704.871 GC heap before
{Heap before GC invocations=23 (full 4):
 PSYoungGen      total 292864K, used 292832K [0x00000000e0000000, 0x00000000f7100000, 0x0000000100000000)
  eden space 248320K, 100% used [0x00000000e0000000,0x00000000ef280000,0x00000000ef280000)
  from space 44544K, 99% used [0x00000000f2900000,0x00000000f54781e8,0x00000000f5480000)
  to   space 55808K, 0% used [0x00000000ef280000,0x00000000ef280000,0x00000000f2900000)
 ParOldGen       total 178176K, used 114914K [0x00000000a0000000, 0x00000000aae00000, 0x00000000e0000000)
  object space 178176K, 64% used [0x00000000a0000000,0x00000000a7038bc0,0x00000000aae00000)
 Metaspace       used 83398K, capacity 86440K, committed 86616K, reserved 1124352K
  class space    used 10926K, capacity 11529K, committed 11648K, reserved 1048576K
Event: 704.925 GC heap after
Heap after GC invocations=23 (full 4):
 PSYoungGen      total 304128K, used 15993K [0x00000000e0000000, 0x00000000f8400000, 0x0000000100000000)
  eden space 248320K, 0% used [0x00000000e0000000,0x00000000e0000000,0x00000000ef280000)
  from space 55808K, 28% used [0x00000000ef280000,0x00000000f021e7a0,0x00000000f2900000)
  to   space 53248K, 0% used [0x00000000f5000000,0x00000000f5000000,0x00000000f8400000)
 ParOldGen       total 178176K, used 124494K [0x00000000a0000000, 0x00000000aae00000, 0x00000000e0000000)
  object space 178176K, 69% used [0x00000000a0000000,0x00000000a7993a88,0x00000000aae00000)
 Metaspace       used 83398K, capacity 86440K, committed 86616K, reserved 1124352K
  class space    used 10926K, capacity 11529K, committed 11648K, reserved 1048576K
}
Event: 711.093 GC heap before
{Heap before GC invocations=24 (full 4):
 PSYoungGen      total 304128K, used 264313K [0x00000000e0000000, 0x00000000f8400000, 0x0000000100000000)
  eden space 248320K, 100% used [0x00000000e0000000,0x00000000ef280000,0x00000000ef280000)
  from space 55808K, 28% used [0x00000000ef280000,0x00000000f021e7a0,0x00000000f2900000)
  to   space 53248K, 0% used [0x00000000f5000000,0x00000000f5000000,0x00000000f8400000)
 ParOldGen       total 178176K, used 124494K [0x00000000a0000000, 0x00000000aae00000, 0x00000000e0000000)
  object space 178176K, 69% used [0x00000000a0000000,0x00000000a7993a88,0x00000000aae00000)
 Metaspace       used 84673K, capacity 87906K, committed 88280K, reserved 1126400K
  class space    used 11028K, capacity 11662K, committed 11776K, reserved 1048576K
Event: 711.150 GC heap after
Heap after GC invocations=24 (full 4):
 PSYoungGen      total 340992K, used 31800K [0x00000000e0000000, 0x00000000f8380000, 0x0000000100000000)
  eden space 288256K, 0% used [0x00000000e0000000,0x00000000e0000000,0x00000000f1980000)
  from space 52736K, 60% used [0x00000000f5000000,0x00000000f6f0e208,0x00000000f8380000)
  to   space 54272K, 0% used [0x00000000f1980000,0x00000000f1980000,0x00000000f4e80000)
 ParOldGen       total 178176K, used 124502K [0x00000000a0000000, 0x00000000aae00000, 0x00000000e0000000)
  object space 178176K, 69% used [0x00000000a0000000,0x00000000a7995a88,0x00000000aae00000)
 Metaspace       used 84673K, capacity 87906K, committed 88280K, reserved 1126400K
  class space    used 11028K, capacity 11662K, committed 11776K, reserved 1048576K
}
Event: 978.353 GC heap before
{Heap before GC invocations=25 (full 4):
 PSYoungGen      total 340992K, used 320056K [0x00000000e0000000, 0x00000000f8380000, 0x0000000100000000)
  eden space 288256K, 100% used [0x00000000e0000000,0x00000000f1980000,0x00000000f1980000)
  from space 52736K, 60% used [0x00000000f5000000,0x00000000f6f0e208,0x00000000f8380000)
  to   space 54272K, 0% used [0x00000000f1980000,0x00000000f1980000,0x00000000f4e80000)
 ParOldGen       total 178176K, used 124502K [0x00000000a0000000, 0x00000000aae00000, 0x00000000e0000000)
  object space 178176K, 69% used [0x00000000a0000000,0x00000000a7995a88,0x00000000aae00000)
 Metaspace       used 85125K, capacity 88450K, committed 88792K, reserved 1126400K
  class space    used 11054K, capacity 11688K, committed 11776K, reserved 1048576K
Event: 978.380 GC heap after
Heap after GC invocations=25 (full 4):
 PSYoungGen      total 342528K, used 6469K [0x00000000e0000000, 0x00000000fa780000, 0x0000000100000000)
  eden space 288256K, 0% used [0x00000000e0000000,0x00000000e0000000,0x00000000f1980000)
  from space 54272K, 11% used [0x00000000f1980000,0x00000000f1fd16d8,0x00000000f4e80000)
  to   space 53248K, 0% used [0x00000000f7380000,0x00000000f7380000,0x00000000fa780000)
 ParOldGen       total 178176K, used 124502K [0x00000000a0000000, 0x00000000aae00000, 0x00000000e0000000)
  object space 178176K, 69% used [0x00000000a0000000,0x00000000a7995a88,0x00000000aae00000)
 Metaspace       used 85125K, capacity 88450K, committed 88792K, reserved 1126400K
  class space    used 11054K, capacity 11688K, committed 11776K, reserved 1048576K
}
Event: 1000.491 GC heap before
{Heap before GC invocations=26 (full 4):
 PSYoungGen      total 342528K, used 294691K [0x00000000e0000000, 0x00000000fa780000, 0x0000000100000000)
  eden space 288256K, 99% used [0x00000000e0000000,0x00000000f1977718,0x00000000f1980000)
  from space 54272K, 11% used [0x00000000f1980000,0x00000000f1fd16d8,0x00000000f4e80000)
  to   space 53248K, 0% used [0x00000000f7380000,0x00000000f7380000,0x00000000fa780000)
 ParOldGen       total 178176K, used 124502K [0x00000000a0000000, 0x00000000aae00000, 0x00000000e0000000)
  object space 178176K, 69% used [0x00000000a0000000,0x00000000a7995a88,0x00000000aae00000)
 Metaspace       used 87783K, capacity 91274K, committed 91352K, reserved 1128448K
  class space    used 11311K, capacity 11994K, committed 12032K, reserved 1048576K
Event: 1000.546 GC heap after
Heap after GC invocations=26 (full 4):
 PSYoungGen      total 368128K, used 24777K [0x00000000e0000000, 0x00000000fa080000, 0x0000000100000000)
  eden space 322048K, 0% used [0x00000000e0000000,0x00000000e0000000,0x00000000f3a80000)
  from space 46080K, 53% used [0x00000000f7380000,0x00000000f8bb25d0,0x00000000fa080000)
  to   space 52224K, 0% used [0x00000000f3a80000,0x00000000f3a80000,0x00000000f6d80000)
 ParOldGen       total 178176K, used 124510K [0x00000000a0000000, 0x00000000aae00000, 0x00000000e0000000)
  object space 178176K, 69% used [0x00000000a0000000,0x00000000a7997a88,0x00000000aae00000)
 Metaspace       used 87783K, capacity 91274K, committed 91352K, reserved 1128448K
  class space    used 11311K, capacity 11994K, committed 12032K, reserved 1048576K
}

