# JRE version: OpenJDK Runtime Environment (8.0_202-b03) (build 1.8.0_202-release-1483-b03)
# Java VM: OpenJDK 64-Bit Server VM (25.202-b03 mixed mode windows-amd64 compressed oops)
Heap:
 PSYoungGen      total 250880K, used 215432K [0x00000000e0000000, 0x00000000f1d80000, 0x0000000100000000)
  eden space 218624K, 86% used [0x00000000e0000000,0x00000000eb7a2858,0x00000000ed580000)
  from space 32256K, 84% used [0x00000000ed580000,0x00000000ef03fa10,0x00000000ef500000)
  to   space 29696K, 0% used [0x00000000ef500000,0x00000000ef500000,0x00000000f1200000)
 ParOldGen       total 93184K, used 55903K [0x00000000a0000000, 0x00000000a5b00000, 0x00000000e0000000)
  object space 93184K, 59% used [0x00000000a0000000,0x00000000a3697ff8,0x00000000a5b00000)
 Metaspace       used 74891K, capacity 78040K, committed 78296K, reserved 1116160K
  class space    used 9971K, capacity 10627K, committed 10712K, reserved 1048576K
GC Heap History (10 events):
Event: 22.503 GC heap before
{Heap before GC invocations=18 (full 3):
 PSYoungGen      total 186368K, used 186338K [0x00000000e0000000, 0x00000000edd80000, 0x0000000100000000)
  eden space 168448K, 100% used [0x00000000e0000000,0x00000000ea480000,0x00000000ea480000)
  from space 17920K, 99% used [0x00000000ebd80000,0x00000000ecef8810,0x00000000ecf00000)
  to   space 25600K, 0% used [0x00000000ea480000,0x00000000ea480000,0x00000000ebd80000)
 ParOldGen       total 93184K, used 47399K [0x00000000a0000000, 0x00000000a5b00000, 0x00000000e0000000)
  object space 93184K, 50% used [0x00000000a0000000,0x00000000a2e49f90,0x00000000a5b00000)
 Metaspace       used 73801K, capacity 76806K, committed 76888K, reserved 1116160K
  class space    used 9886K, capacity 10528K, committed 10584K, reserved 1048576K
Event: 22.552 GC heap after
Heap after GC invocations=18 (full 3):
 PSYoungGen      total 194048K, used 18495K [0x00000000e0000000, 0x00000000ef400000, 0x0000000100000000)
  eden space 168448K, 0% used [0x00000000e0000000,0x00000000e0000000,0x00000000ea480000)
  from space 25600K, 72% used [0x00000000ea480000,0x00000000eb68fdf0,0x00000000ebd80000)
  to   space 27136K, 0% used [0x00000000ed980000,0x00000000ed980000,0x00000000ef400000)
 ParOldGen       total 93184K, used 55871K [0x00000000a0000000, 0x00000000a5b00000, 0x00000000e0000000)
  object space 93184K, 59% used [0x00000000a0000000,0x00000000a368fff8,0x00000000a5b00000)
 Metaspace       used 73801K, capacity 76806K, committed 76888K, reserved 1116160K
  class space    used 9886K, capacity 10528K, committed 10584K, reserved 1048576K
}
Event: 23.872 GC heap before
{Heap before GC invocations=19 (full 3):
 PSYoungGen      total 194048K, used 186943K [0x00000000e0000000, 0x00000000ef400000, 0x0000000100000000)
  eden space 168448K, 100% used [0x00000000e0000000,0x00000000ea480000,0x00000000ea480000)
  from space 25600K, 72% used [0x00000000ea480000,0x00000000eb68fdf0,0x00000000ebd80000)
  to   space 27136K, 0% used [0x00000000ed980000,0x00000000ed980000,0x00000000ef400000)
 ParOldGen       total 93184K, used 55871K [0x00000000a0000000, 0x00000000a5b00000, 0x00000000e0000000)
  object space 93184K, 59% used [0x00000000a0000000,0x00000000a368fff8,0x00000000a5b00000)
 Metaspace       used 73982K, capacity 77100K, committed 77400K, reserved 1116160K
  class space    used 9893K, capacity 10533K, committed 10584K, reserved 1048576K
Event: 23.912 GC heap after
Heap after GC invocations=19 (full 3):
 PSYoungGen      total 221696K, used 18435K [0x00000000e0000000, 0x00000000efa80000, 0x0000000100000000)
  eden space 194560K, 0% used [0x00000000e0000000,0x00000000e0000000,0x00000000ebe00000)
  from space 27136K, 67% used [0x00000000ed980000,0x00000000eeb80c50,0x00000000ef400000)
  to   space 28160K, 0% used [0x00000000ebe00000,0x00000000ebe00000,0x00000000ed980000)
 ParOldGen       total 93184K, used 55879K [0x00000000a0000000, 0x00000000a5b00000, 0x00000000e0000000)
  object space 93184K, 59% used [0x00000000a0000000,0x00000000a3691ff8,0x00000000a5b00000)
 Metaspace       used 73982K, capacity 77100K, committed 77400K, reserved 1116160K
  class space    used 9893K, capacity 10533K, committed 10584K, reserved 1048576K
}
Event: 25.190 GC heap before
{Heap before GC invocations=20 (full 3):
 PSYoungGen      total 221696K, used 212995K [0x00000000e0000000, 0x00000000efa80000, 0x0000000100000000)
  eden space 194560K, 100% used [0x00000000e0000000,0x00000000ebe00000,0x00000000ebe00000)
  from space 27136K, 67% used [0x00000000ed980000,0x00000000eeb80c50,0x00000000ef400000)
  to   space 28160K, 0% used [0x00000000ebe00000,0x00000000ebe00000,0x00000000ed980000)
 ParOldGen       total 93184K, used 55879K [0x00000000a0000000, 0x00000000a5b00000, 0x00000000e0000000)
  object space 93184K, 59% used [0x00000000a0000000,0x00000000a3691ff8,0x00000000a5b00000)
 Metaspace       used 74075K, capacity 77196K, committed 77400K, reserved 1116160K
  class space    used 9896K, capacity 10537K, committed 10584K, reserved 1048576K
Event: 25.231 GC heap after
Heap after GC invocations=20 (full 3):
 PSYoungGen      total 222720K, used 20730K [0x00000000e0000000, 0x00000000f1200000, 0x0000000100000000)
  eden space 194560K, 0% used [0x00000000e0000000,0x00000000e0000000,0x00000000ebe00000)
  from space 28160K, 73% used [0x00000000ebe00000,0x00000000ed23e838,0x00000000ed980000)
  to   space 29696K, 0% used [0x00000000ef500000,0x00000000ef500000,0x00000000f1200000)
 ParOldGen       total 93184K, used 55887K [0x00000000a0000000, 0x00000000a5b00000, 0x00000000e0000000)
  object space 93184K, 59% used [0x00000000a0000000,0x00000000a3693ff8,0x00000000a5b00000)
 Metaspace       used 74075K, capacity 77196K, committed 77400K, reserved 1116160K
  class space    used 9896K, capacity 10537K, committed 10584K, reserved 1048576K
}
Event: 26.485 GC heap before
{Heap before GC invocations=21 (full 3):
 PSYoungGen      total 222720K, used 215290K [0x00000000e0000000, 0x00000000f1200000, 0x0000000100000000)
  eden space 194560K, 100% used [0x00000000e0000000,0x00000000ebe00000,0x00000000ebe00000)
  from space 28160K, 73% used [0x00000000ebe00000,0x00000000ed23e838,0x00000000ed980000)
  to   space 29696K, 0% used [0x00000000ef500000,0x00000000ef500000,0x00000000f1200000)
 ParOldGen       total 93184K, used 55887K [0x00000000a0000000, 0x00000000a5b00000, 0x00000000e0000000)
  object space 93184K, 59% used [0x00000000a0000000,0x00000000a3693ff8,0x00000000a5b00000)
 Metaspace       used 74223K, capacity 77322K, committed 77400K, reserved 1116160K
  class space    used 9911K, capacity 10574K, committed 10584K, reserved 1048576K
Event: 26.563 GC heap after
Heap after GC invocations=21 (full 3):
 PSYoungGen      total 248320K, used 23762K [0x00000000e0000000, 0x00000000f1d80000, 0x0000000100000000)
  eden space 218624K, 0% used [0x00000000e0000000,0x00000000e0000000,0x00000000ed580000)
  from space 29696K, 80% used [0x00000000ef500000,0x00000000f0c34a60,0x00000000f1200000)
  to   space 32256K, 0% used [0x00000000ed580000,0x00000000ed580000,0x00000000ef500000)
 ParOldGen       total 93184K, used 55895K [0x00000000a0000000, 0x00000000a5b00000, 0x00000000e0000000)
  object space 93184K, 59% used [0x00000000a0000000,0x00000000a3695ff8,0x00000000a5b00000)
 Metaspace       used 74223K, capacity 77322K, committed 77400K, reserved 1116160K
  class space    used 9911K, capacity 10574K, committed 10584K, reserved 1048576K
}
Event: 28.017 GC heap before
{Heap before GC invocations=22 (full 3):
 PSYoungGen      total 248320K, used 242386K [0x00000000e0000000, 0x00000000f1d80000, 0x0000000100000000)
  eden space 218624K, 100% used [0x00000000e0000000,0x00000000ed580000,0x00000000ed580000)
  from space 29696K, 80% used [0x00000000ef500000,0x00000000f0c34a60,0x00000000f1200000)
  to   space 32256K, 0% used [0x00000000ed580000,0x00000000ed580000,0x00000000ef500000)
 ParOldGen       total 93184K, used 55895K [0x00000000a0000000, 0x00000000a5b00000, 0x00000000e0000000)
  object space 93184K, 59% used [0x00000000a0000000,0x00000000a3695ff8,0x00000000a5b00000)
 Metaspace       used 74356K, capacity 77478K, committed 77656K, reserved 1116160K
  class space    used 9914K, capacity 10576K, committed 10584K, reserved 1048576K
Event: 28.073 GC heap after
Heap after GC invocations=22 (full 3):
 PSYoungGen      total 250880K, used 27390K [0x00000000e0000000, 0x00000000f1d80000, 0x0000000100000000)
  eden space 218624K, 0% used [0x00000000e0000000,0x00000000e0000000,0x00000000ed580000)
  from space 32256K, 84% used [0x00000000ed580000,0x00000000ef03fa10,0x00000000ef500000)
  to   space 29696K, 0% used [0x00000000ef500000,0x00000000ef500000,0x00000000f1200000)
 ParOldGen       total 93184K, used 55903K [0x00000000a0000000, 0x00000000a5b00000, 0x00000000e0000000)
  object space 93184K, 59% used [0x00000000a0000000,0x00000000a3697ff8,0x00000000a5b00000)
 Metaspace       used 74356K, capacity 77478K, committed 77656K, reserved 1116160K
  class space    used 9914K, capacity 10576K, committed 10584K, reserved 1048576K
}

